1000 98 199800 40.0 443 357
571 40
887 96
73 3
480 45
891 32
288 18
995 74
26 8
312 1
314 64
208 71
244 62
461 76
876 44
242 5
234 11
249 13
688 34
832 12
878 26
173 93
250 61
371 41
56 77
106 12
473 68
515 24
530 61
582 98
757 27
759 79
189 90
274 86
317 35
828 44
929 18
305 49
364 39
409 76
678 81
76 89
128 21
601 38
691 6
748 42
847 83
46 80
178 53
239 68
595 73
680 19
704 68
852 39
136 11
163 90
267 82
412 33
483 90
649 93
855 48
917 46
966 29
104 15
218 77
231 88
359 58
496 3
513 48
638 34
869 21
45 40
92 6
165 13
344 12
410 19
432 10
538 71
560 75
789 9
965 59
233 20
245 86
284 38
413 49
439 8
474 54
689 45
912 55
3 24
87 3
282 56
289 54
353 82
487 52
500 16
561 7
623 74
630 23
669 23
703 25
763 78
987 54
27 15
109 21
229 33
316 26
343 16
477 61
575 60
602 22
708 14
779 81
927 13
187 73
205 95
219 32
455 38
565 43
756 66
879 18
914 17
49 64
77 75
101 53
125 9
146 66
192 56
200 37
202 32
232 84
247 28
325 24
345 44
350 47
363 15
402 29
939 5
999 8
7 79
12 61
88 46
168 15
193 63
210 69
216 94
262 49
385 67
464 13
534 47
592 50
629 58
660 42
664 83
686 50
709 32
733 18
902 57
40 66
144 48
246 26
315 6
349 1
357 11
583 94
609 45
634 12
654 70
693 8
726 1
793 1
797 42
816 57
872 7
907 91
949 86
951 67
1 46
103 40
113 73
321 11
383 6
435 17
438 62
493 56
584 45
616 15
624 36
795 65
814 78
864 56
870 55
885 23
908 13
942 33
993 34
98 11
119 34
348 10
360 14
405 52
443 80
482 78
499 31
553 13
568 53
593 73
628 14
663 83
848 58
38 14
41 40
150 88
237 22
272 5
351 95
374 92
377 20
441 74
465 62
476 66
479 77
546 81
554 38
618 13
671 50
807 36
874 3
888 33
943 21
981 39
11 38
31 28
194 50
223 36
241 67
279 88
437 34
457 39
608 28
696 6
822 38
950 49
974 69
149 55
171 28
196 4
217 43
277 59
358 61
522 45
527 93
585 39
625 82
627 37
639 18
676 3
830 88
842 32
871 9
919 67
992 30
996 14
43 31
65 50
95 33
99 5
102 46
153 7
169 77
324 5
398 74
431 28
489 74
606 71
645 83
729 34
731 4
771 83
918 50
948 51
952 80
54 31
70 92
93 65
148 81
224 35
230 59
243 16
382 25
471 88
481 48
501 57
523 68
552 67
615 84
621 71
643 72
684 60
687 25
713 57
745 36
799 6
806 68
812 44
867 2
921 35
938 79
957 58
970 9
24 72
57 32
75 91
108 73
135 71
201 30
260 68
287 8
417 3
497 68
551 63
569 4
637 73
658 64
721 85
734 59
777 30
846 64
922 61
946 51
37 20
71 50
72 9
80 43
122 83
145 96
206 69
227 15
238 44
265 56
270 69
283 77
298 69
319 60
333 79
411 32
418 17
425 37
468 24
508 17
610 47
620 7
622 58
710 60
754 94
786 51
802 2
840 70
854 72
877 45
897 88
915 26
960 38
994 47
13 23
21 2
83 39
105 87
115 93
222 17
253 36
268 95
275 14
326 21
387 31
422 53
509 29
544 37
668 9
674 70
720 15
736 52
760 89
783 35
920 13
988 62
6 29
32 56
156 10
322 43
340 32
354 48
397 33
516 15
525 77
577 81
589 63
604 74
773 40
804 12
824 7
825 76
857 90
866 12
905 24
926 3
964 16
5 55
69 47
147 12
162 19
198 18
339 8
368 85
414 17
429 56
567 43
596 22
636 57
766 17
821 61
954 44
977 41
978 23
980 20
10 44
15 13
47 28
55 35
117 75
278 50
306 89
367 32
376 7
386 70
423 39
430 48
532 54
547 16
650 36
662 65
698 85
770 20
776 46
810 57
882 60
901 77
928 61
967 32
972 54
143 55
179 25
346 35
352 47
400 62
408 91
478 70
484 2
490 84
570 2
619 20
632 98
670 66
823 30
860 69
889 9
911 40
930 50
953 35
998 49
53 38
58 24
79 87
161 88
170 79
203 5
212 34
297 41
309 42
379 52
392 62
453 23
742 58
746 26
794 5
808 19
811 84
827 24
895 26
955 22
961 4
19 4
155 8
167 27
177 61
199 21
285 34
308 65
330 11
362 7
380 78
428 40
467 28
504 59
507 88
573 29
590 2
600 47
647 53
679 44
702 1
712 55
861 7
909 14
933 54
956 85
9 58
42 4
68 12
94 73
141 66
184 64
211 66
226 13
252 81
273 29
301 20
318 36
416 45
558 19
578 35
612 19
614 49
652 40
656 25
715 6
826 87
890 49
903 3
59 42
96 91
112 91
157 46
172 11
292 12
295 41
342 36
370 52
378 22
389 85
395 41
403 59
404 30
469 49
491 67
528 57
535 52
536 56
543 46
550 59
580 75
605 45
607 12
683 26
718 14
730 51
752 20
781 43
838 28
850 31
894 64
983 6
984 92
25 21
110 67
129 66
158 75
160 27
166 30
181 47
186 81
269 17
281 63
365 52
434 82
450 30
459 2
511 31
572 80
586 26
591 77
617 31
626 95
717 47
728 27
762 29
765 79
778 18
782 16
849 23
924 79
18 65
116 74
185 43
190 5
214 60
248 41
255 37
307 51
463 59
510 30
537 73
665 48
694 45
735 85
738 70
750 71
845 2
937 38
975 58
2 19
22 47
28 10
35 43
36 86
100 16
111 97
154 6
180 81
183 6
271 24
313 48
320 87
331 11
341 25
372 31
424 72
452 89
533 80
761 96
768 62
788 71
798 46
863 23
886 51
892 63
934 51
958 15
963 30
17 21
51 53
195 25
236 33
291 7
296 73
391 94
449 25
475 46
526 73
598 78
723 71
784 17
790 22
801 86
833 76
904 54
936 24
941 14
947 79
962 46
985 64
990 77
20 64
81 59
120 19
133 82
164 1
220 43
256 63
286 65
294 10
300 16
329 28
393 52
399 34
521 66
599 55
655 6
659 37
706 2
741 42
841 31
851 87
853 57
979 32
66 39
74 3
258 19
335 4
336 71
419 19
494 39
495 8
512 82
524 53
540 85
657 87
677 60
701 21
711 70
727 1
744 23
758 15
767 34
834 94
940 33
989 86
82 30
91 75
176 81
207 78
263 69
310 38
426 34
445 32
448 65
458 42
549 36
555 27
751 83
796 71
803 7
865 64
883 83
884 6
906 67
913 20
932 93
968 40
973 6
997 27
4 72
14 4
85 65
209 35
311 36
355 55
384 88
396 78
427 41
436 69
442 64
444 48
498 90
581 75
597 43
635 74
640 16
646 92
675 44
682 12
739 19
755 53
769 5
900 20
910 22
1000 37
142 27
159 12
188 80
228 51
304 72
406 48
447 27
466 20
556 72
692 10
722 14
787 63
818 13
819 54
835 52
843 70
899 36
16 57
52 64
90 5
97 31
213 42
259 16
407 61
451 10
503 37
542 49
564 61
566 29
587 75
603 26
611 3
666 55
753 17
817 29
856 30
858 18
896 97
959 43
139 68
174 78
225 57
266 3
280 55
390 10
506 53
559 80
661 27
837 10
868 76
880 10
29 26
61 22
78 9
118 30
131 56
134 39
290 10
433 7
562 67
574 44
588 4
594 40
648 25
651 19
673 1
700 56
707 21
820 37
836 27
881 39
925 72
935 1
971 76
124 19
127 37
140 41
151 27
191 41
373 11
388 89
859 80
873 37
875 14
893 8
923 7
39 79
132 18
334 26
454 2
485 60
519 11
667 51
685 54
714 11
743 62
791 22
931 22
62 90
63 28
67 31
175 23
254 42
299 62
327 22
337 95
381 2
420 63
446 4
472 21
514 42
518 37
539 1
725 52
898 38
30 65
60 69
215 16
221 9
261 32
394 39
470 21
492 89
644 1
681 82
699 92
716 57
719 44
749 23
764 25
774 71
785 87
991 42
44 69
107 6
114 67
421 18
529 21
557 59
576 87
613 29
633 33
642 67
772 9
813 15
844 52
916 36
130 66
276 12
302 34
303 50
332 43
415 34
462 5
505 47
579 89
631 4
641 26
653 4
672 9
792 8
831 63
945 25
48 84
401 16
520 10
545 59
982 28
460 64
488 84
517 51
86 35
502 5
724 9
809 7
969 18
976 90
137 24
347 25
369 78
705 8
775 75
780 12
800 20
839 14
64 29
197 33
697 48
737 29
986 33
33 44
240 3
251 21
944 84
138 58
323 60
338 92
541 22
805 60
862 66
23 57
235 54
257 24
356 64
456 48
8 58
89 48
121 41
328 65
366 11
375 49
84 77
531 65
815 27
123 11
126 76
486 43
740 15
829 18
182 17
264 60
293 35
548 15
690 8
34 9
563 1
50 22
440 1
361 17
695 24
732 69
204 18
747 77
152 8
