200 199 3 1 6 1
128 1
111 1
117 2
58 2
5 2
81 1
95 1
101 1
108 1
110 1
8 1
115 1
9 1
120 2
38 2
147 2
53 1
56 1
1 1
63 2
66 2
77 1
79 1
11 2
84 1
85 1
89 2
90 1
18 1
26 1
104 1
28 2
109 2
29 2
34 2
113 2
36 1
2 1
40 2
44 2
134 1
136 3
137 1
142 3
45 1
151 3
152 3
155 2
158 1
159 2
168 2
171 3
172 1
182 2
184 1
187 2
192 1
195 2
196 2
197 2
42 1
97 1
98 2
20 1
102 1
103 2
21 2
105 3
46 2
48 2
49 2
50 2
51 1
114 1
52 2
6 2
118 2
27 1
121 1
127 2
10 1
129 1
59 3
62 3
7 2
138 1
139 1
64 2
144 2
30 2
149 1
150 2
67 2
68 1
154 1
70 2
33 3
14 2
15 2
170 2
82 2
83 2
176 3
178 1
181 2
37 2
17 1
86 3
188 2
189 2
39 3
193 2
194 2
4 3
91 3
92 2
199 2
75 1
76 2
119 1
32 2
78 1
122 1
123 2
124 2
125 1
126 2
3 2
80 1
22 1
130 2
131 2
132 2
133 1
35 1
135 2
23 2
24 2
54 1
55 1
140 2
141 2
87 2
143 1
88 1
145 1
146 2
25 1
148 1
57 2
16 2
12 2
93 1
153 2
94 2
60 2
156 1
157 2
96 2
61 2
160 1
161 2
162 2
163 1
164 1
165 1
166 1
167 2
41 1
169 2
99 2
100 2
13 2
173 2
174 1
175 2
43 1
177 2
65 2
179 1
180 2
19 2
0 1
183 2
106 2
185 1
186 2
107 1
31 1
69 1
190 2
191 1
47 1
71 1
112 1
72 2
73 2
74 2
198 1
116 1
