200 199 1 6 1
0 103
103 192
124 192
168 192
111 168
6 111
6 59
58 59
14 58
14 97
58 120
5 120
5 89
17 89
68 120
97 190
111 113
111 199
113 125
178 199
144 178
45 144
45 50
45 136
11 136
115 136
38 115
10 38
82 115
115 147
105 147
56 105
56 83
56 151
83 122
108 151
63 108
63 158
108 117
25 117
53 117
117 128
46 128
66 128
66 139
64 139
64 86
67 128
86 121
96 121
117 152
101 152
101 173
101 193
128 196
107 196
138 147
138 157
149 196
152 165
158 175
1 82
1 109
109 179
109 191
2 193
2 30
30 85
85 181
3 108
4 120
4 20
5 13
5 74
11 81
81 123
11 184
52 184
184 187
8 187
8 131
8 21
21 176
129 176
8 23
18 63
18 186
18 180
20 167
26 181
26 44
26 49
49 91
91 95
95 153
7 95
7 84
84 100
27 113
27 37
37 143
29 81
29 33
29 171
36 171
36 39
170 171
90 170
90 132
31 46
33 114
34 101
34 69
34 119
38 77
70 77
70 78
77 127
35 127
38 102
15 102
15 41
39 182
166 182
40 151
40 116
40 110
110 188
172 188
150 172
172 195
22 195
9 195
43 50
44 62
48 111
48 93
51 62
51 92
71 92
52 75
53 140
53 183
58 155
112 155
58 162
66 142
67 198
68 197
134 197
32 134
156 197
73 110
79 142
79 141
81 159
42 159
80 159
42 118
47 118
89 163
95 194
55 194
104 182
28 104
28 133
126 129
142 148
147 164
149 189
88 189
150 160
154 155
12 154
9 106
10 57
16 134
17 94
24 79
84 161
85 99
110 177
114 169
130 158
185 187
1 61
9 19
9 98
28 137
36 65
72 137
76 137
128 135
98 174
104 146
2 60
44 54
87 90
145 168
